<?xml version="1.0" encoding="UTF-8"?>
<!-- Generated by org.testng.reporters.JUnitReportReporter -->
<testsuite hostname="Rajamegam" failures="0" tests="3" name="fpa.test.companyTestCase" time="27.582" errors="0" timestamp="2024-01-14T14:27:57 IST" skipped="0">
  <testcase classname="fpa.test.companyTestCase" name="addCompanyTest" time="9.836"/>
  <testcase classname="fpa.test.companyTestCase" name="readCompanyTest" time="12.276"/>
  <testcase classname="fpa.test.companyTestCase" name="editCompanyTest" time="5.470"/>
</testsuite> <!-- fpa.test.companyTestCase -->
