<?xml version="1.0" encoding="UTF-8"?>
<!-- Generated by org.testng.reporters.JUnitReportReporter -->
<testsuite hostname="Rajamegam" failures="0" tests="1" name="fpa.test.forecast" time="99.029" errors="0" timestamp="2023-11-09T19:31:37 IST" skipped="0">
  <testcase classname="fpa.test.forecast" name="forecastflow" time="99.029"/>
</testsuite> <!-- fpa.test.forecast -->
