<?xml version="1.0" encoding="UTF-8"?>
<!-- Generated by org.testng.reporters.JUnitReportReporter -->
<testsuite hostname="Rajamegam" failures="0" tests="3" name="fpa.test.companyTestCase" time="24.003" errors="0" timestamp="2024-01-18T00:42:21 IST" skipped="0">
  <testcase classname="fpa.test.companyTestCase" name="addCompanyTest" time="10.097"/>
  <testcase classname="fpa.test.companyTestCase" name="readCompanyTest" time="8.565"/>
  <testcase classname="fpa.test.companyTestCase" name="editCompanyTest" time="5.341"/>
</testsuite> <!-- fpa.test.companyTestCase -->
